0 info it worked if it ends with ok
1 verbose cli [ 'node', '/usr/local/bin/npm', 'install', 'katon', '-g' ]
2 info using npm@1.4.28
3 info using node@v0.10.33
4 verbose cache add [ 'katon', null ]
5 verbose cache add name=undefined spec="katon" args=["katon",null]
6 verbose parsed url { protocol: null,
6 verbose parsed url   slashes: null,
6 verbose parsed url   auth: null,
6 verbose parsed url   host: null,
6 verbose parsed url   port: null,
6 verbose parsed url   hostname: null,
6 verbose parsed url   hash: null,
6 verbose parsed url   search: null,
6 verbose parsed url   query: null,
6 verbose parsed url   pathname: 'katon',
6 verbose parsed url   path: 'katon',
6 verbose parsed url   href: 'katon' }
7 silly lockFile f0f9a867-katon katon
8 verbose lock katon /Users/vattuonet/.npm/f0f9a867-katon.lock
9 silly lockFile f0f9a867-katon katon
10 silly lockFile f0f9a867-katon katon
11 verbose addNamed [ 'katon', '' ]
12 verbose addNamed [ null, '*' ]
13 silly lockFile f50ad563-katon katon@
14 verbose lock katon@ /Users/vattuonet/.npm/f50ad563-katon.lock
15 silly addNameRange { name: 'katon', range: '*', hasData: false }
16 verbose request where is /katon
17 verbose request registry https://registry.npmjs.org/
18 verbose request id c5fbaec10fa33aa8
19 verbose url raw /katon
20 verbose url resolving [ 'https://registry.npmjs.org/', './katon' ]
21 verbose url resolved https://registry.npmjs.org/katon
22 verbose request where is https://registry.npmjs.org/katon
23 info trying registry request attempt 1 at 16:56:50
24 verbose etag "5UZRCTE37BYPWO1JS7D9S7CIO"
25 http GET https://registry.npmjs.org/katon
26 http 304 https://registry.npmjs.org/katon
27 silly registry.get cb [ 304,
27 silly registry.get   { date: 'Thu, 21 May 2015 23:56:46 GMT',
27 silly registry.get     via: '1.1 varnish',
27 silly registry.get     'cache-control': 'max-age=60',
27 silly registry.get     etag: '"5UZRCTE37BYPWO1JS7D9S7CIO"',
27 silly registry.get     age: '0',
27 silly registry.get     connection: 'keep-alive',
27 silly registry.get     'x-served-by': 'cache-sjc3126-SJC',
27 silly registry.get     'x-cache': 'HIT',
27 silly registry.get     'x-cache-hits': '1',
27 silly registry.get     'x-timer': 'S1432252606.911444,VS0,VE34',
27 silly registry.get     vary: 'Accept' } ]
28 verbose etag https://registry.npmjs.org/katon from cache
29 silly addNameRange number 2 { name: 'katon', range: '*', hasData: true }
30 silly addNameRange versions [ 'katon',
30 silly addNameRange   [ '0.1.0',
30 silly addNameRange     '0.1.1',
30 silly addNameRange     '0.1.2',
30 silly addNameRange     '0.1.3',
30 silly addNameRange     '0.2.0',
30 silly addNameRange     '0.2.1',
30 silly addNameRange     '0.2.2',
30 silly addNameRange     '0.2.3',
30 silly addNameRange     '0.2.4',
30 silly addNameRange     '0.3.0',
30 silly addNameRange     '0.3.1',
30 silly addNameRange     '0.3.2',
30 silly addNameRange     '0.3.3',
30 silly addNameRange     '0.3.4',
30 silly addNameRange     '0.4.0',
30 silly addNameRange     '0.4.1',
30 silly addNameRange     '0.4.2',
30 silly addNameRange     '0.4.3',
30 silly addNameRange     '0.5.0',
30 silly addNameRange     '0.5.1',
30 silly addNameRange     '0.6.0',
30 silly addNameRange     '0.6.1',
30 silly addNameRange     '0.6.2',
30 silly addNameRange     '0.6.3',
30 silly addNameRange     '0.6.4',
30 silly addNameRange     '0.6.5',
30 silly addNameRange     '0.7.0',
30 silly addNameRange     '0.7.1',
30 silly addNameRange     '0.7.2',
30 silly addNameRange     '0.7.3',
30 silly addNameRange     '0.8.0',
30 silly addNameRange     '0.8.1',
30 silly addNameRange     '0.8.2',
30 silly addNameRange     '0.8.3',
30 silly addNameRange     '0.8.4',
30 silly addNameRange     '0.8.5',
30 silly addNameRange     '0.8.6',
30 silly addNameRange     '0.8.7',
30 silly addNameRange     '0.8.8',
30 silly addNameRange     '0.9.0',
30 silly addNameRange     '0.9.1',
30 silly addNameRange     '0.10.0',
30 silly addNameRange     '0.10.1',
30 silly addNameRange     '0.10.2',
30 silly addNameRange     '0.10.3',
30 silly addNameRange     '0.10.4',
30 silly addNameRange     '0.10.5' ] ]
31 verbose addNamed [ 'katon', '0.10.5' ]
32 verbose addNamed [ '0.10.5', '0.10.5' ]
33 silly lockFile 5f4b14c0-katon-0-10-5 katon@0.10.5
34 verbose lock katon@0.10.5 /Users/vattuonet/.npm/5f4b14c0-katon-0-10-5.lock
35 silly lockFile 5f4b14c0-katon-0-10-5 katon@0.10.5
36 silly lockFile 5f4b14c0-katon-0-10-5 katon@0.10.5
37 silly lockFile f50ad563-katon katon@
38 silly lockFile f50ad563-katon katon@
39 silly resolved [ { name: 'katon',
39 silly resolved     version: '0.10.5',
39 silly resolved     description: 'Automatically starts your development servers so that you can be more productive. Servers are accessible on local .ka domains.',
39 silly resolved     keywords:
39 silly resolved      [ 'node',
39 silly resolved        'pow',
39 silly resolved        'nodemon',
39 silly resolved        'development',
39 silly resolved        'dev',
39 silly resolved        '.ka',
39 silly resolved        'local',
39 silly resolved        'automatic',
39 silly resolved        'server',
39 silly resolved        'start',
39 silly resolved        'restart',
39 silly resolved        'reload' ],
39 silly resolved     author: { name: 'Typicode', email: 'typicode@gmail.com' },
39 silly resolved     repository: { type: 'git', url: 'git://github.com/typicode/katon.git' },
39 silly resolved     bugs: { url: 'https://github.com/typicode/katon/issues' },
39 silly resolved     bin: { katon: './bin/index.js' },
39 silly resolved     preferGlobal: true,
39 silly resolved     os: [ 'darwin' ],
39 silly resolved     scripts:
39 silly resolved      { test: 'mocha --reporter list test/cli/index test/daemon/index',
39 silly resolved        postinstall: 'sh ./bin/install.sh',
39 silly resolved        uninstall: 'sh ./bin/uninstall.sh' },
39 silly resolved     dependencies:
39 silly resolved      { chalk: '^0.5.0',
39 silly resolved        ejs: '^1.0.0',
39 silly resolved        got: '^0.3.0',
39 silly resolved        'http-proxy': '^1.1.4',
39 silly resolved        'is-root': '^0.1.0',
39 silly resolved        minimist: '^1.1.0',
39 silly resolved        mkdirp: '^0.5.0',
39 silly resolved        'native-dns': '^0.7.0',
39 silly resolved        'network-address': '^1.0.0',
39 silly resolved        opn: '^0.1.2',
39 silly resolved        respawn: '^0.4.2',
39 silly resolved        rimraf: '^2.2.8',
39 silly resolved        'shell-quote': '^1.4.2',
39 silly resolved        shelljs: '^0.3.0',
39 silly resolved        tildify: '^0.2.0',
39 silly resolved        touch: '0.0.3',
39 silly resolved        'update-notifier': '^0.2.0',
39 silly resolved        xtend: '^3.0.0' },
39 silly resolved     devDependencies:
39 silly resolved      { mocha: '^1.21.4',
39 silly resolved        request: '^2.45.0',
39 silly resolved        supertest: '^0.13.0',
39 silly resolved        ws: '^0.7.0' },
39 silly resolved     license: 'MIT',
39 silly resolved     gitHead: 'b61e05950cef9bccec3618e84be24a448de4f44d',
39 silly resolved     homepage: 'https://github.com/typicode/katon#readme',
39 silly resolved     _id: 'katon@0.10.5',
39 silly resolved     _shasum: '7829bd671552ff32a4ea82d8bbc5a74d773da741',
39 silly resolved     _from: 'katon@',
39 silly resolved     _npmVersion: '2.9.1',
39 silly resolved     _nodeVersion: '0.12.3',
39 silly resolved     _npmUser: { name: 'typicode', email: 'typicode@gmail.com' },
39 silly resolved     dist:
39 silly resolved      { shasum: '7829bd671552ff32a4ea82d8bbc5a74d773da741',
39 silly resolved        tarball: 'http://registry.npmjs.org/katon/-/katon-0.10.5.tgz' },
39 silly resolved     maintainers: [ [Object] ],
39 silly resolved     directories: {},
39 silly resolved     _resolved: 'https://registry.npmjs.org/katon/-/katon-0.10.5.tgz',
39 silly resolved     readme: 'ERROR: No README data found!' } ]
40 info install katon@0.10.5 into /usr/local/lib
41 info installOne katon@0.10.5
42 verbose lib/node_modules/katon unbuild
43 verbose tar unpack /Users/vattuonet/.npm/katon/0.10.5/package.tgz
44 silly lockFile b2de11a9-usr-local-lib-node-modules-katon tar:///usr/local/lib/node_modules/katon
45 verbose lock tar:///usr/local/lib/node_modules/katon /Users/vattuonet/.npm/b2de11a9-usr-local-lib-node-modules-katon.lock
46 silly lockFile 4caab7a5-net-npm-katon-0-10-5-package-tgz tar:///Users/vattuonet/.npm/katon/0.10.5/package.tgz
47 verbose lock tar:///Users/vattuonet/.npm/katon/0.10.5/package.tgz /Users/vattuonet/.npm/4caab7a5-net-npm-katon-0-10-5-package-tgz.lock
48 silly gunzTarPerm modes [ '755', '644' ]
49 error Error: EACCES, mkdir '/usr/local/lib/node_modules/katon'
49 error  { [Error: EACCES, mkdir '/usr/local/lib/node_modules/katon']
49 error   errno: 3,
49 error   code: 'EACCES',
49 error   path: '/usr/local/lib/node_modules/katon',
49 error   fstream_type: 'Directory',
49 error   fstream_path: '/usr/local/lib/node_modules/katon',
49 error   fstream_class: 'DirWriter',
49 error   fstream_stack:
49 error    [ '/usr/local/lib/node_modules/npm/node_modules/fstream/lib/dir-writer.js:36:23',
49 error      '/usr/local/lib/node_modules/npm/node_modules/mkdirp/index.js:46:53',
49 error      'Object.oncomplete (fs.js:107:15)' ] }
50 error Please try running this command again as root/Administrator.
51 error System Darwin 14.1.0
52 error command "node" "/usr/local/bin/npm" "install" "katon" "-g"
53 error cwd /Users/vattuonet/Sites/subtle-harmony
54 error node -v v0.10.33
55 error npm -v 1.4.28
56 error path /usr/local/lib/node_modules/katon
57 error fstream_path /usr/local/lib/node_modules/katon
58 error fstream_type Directory
59 error fstream_class DirWriter
60 error code EACCES
61 error errno 3
62 error stack Error: EACCES, mkdir '/usr/local/lib/node_modules/katon'
63 error fstream_stack /usr/local/lib/node_modules/npm/node_modules/fstream/lib/dir-writer.js:36:23
63 error fstream_stack /usr/local/lib/node_modules/npm/node_modules/mkdirp/index.js:46:53
63 error fstream_stack Object.oncomplete (fs.js:107:15)
64 verbose exit [ 3, true ]
